example/build/app/outputs/logs/manifest-merger-release-report.txt
-- Merging decision tree log ---
manifest
ADDED from src/main/AndroidManifest.xml:1:1-39:12
INJECTED from src/main/AndroidManifest.xml:1:1-39:12
INJECTED from src/main/AndroidManifest.xml:1:1-39:12
INJECTED from src/main/AndroidManifest.xml:1:1-39:12
MERGED from [:instabug_flutter] AndroidManifest.xml:2:1-7:12
MERGED from [com.instabug.library:instabug:8.2.2] AndroidManifest.xml:2:1-12:12
MERGED from [com.instabug.library:instabug-survey:8.2.2] AndroidManifest.xml:2:1-31:12
MERGED from [com.instabug.library:instabug-crash:8.2.2] AndroidManifest.xml:2:1-17:12
MERGED from [com.instabug.library:instabug-bug:8.2.2] AndroidManifest.xml:2:1-40:12
MERGED from [com.instabug.library:instabug-chat:8.2.2] AndroidManifest.xml:2:1-27:12
MERGED from [com.instabug.library:instabug-features-request:8.2.2] AndroidManifest.xml:2:1-24:12
MERGED from [com.instabug.library:instabug-core:8.2.2] AndroidManifest.xml:2:1-42:12
MERGED from [io.reactivex.rxjava2:rxandroid:2.0.2] AndroidManifest.xml:15:1-21:12
MERGED from [com.android.support:support-v4:28.0.0] AndroidManifest.xml:17:1-22:12
MERGED from [com.android.support:design:28.0.0] AndroidManifest.xml:17:1-24:12
MERGED from [com.android.support:support-media-compat:28.0.0] AndroidManifest.xml:17:1-22:12
MERGED from [com.android.support:appcompat-v7:28.0.0] AndroidManifest.xml:17:1-22:12
MERGED from [com.android.support:support-fragment:28.0.0] AndroidManifest.xml:17:1-22:12
MERGED from [com.android.support:recyclerview-v7:28.0.0] AndroidManifest.xml:17:1-22:12
MERGED from [com.android.support:animated-vector-drawable:28.0.0] AndroidManifest.xml:17:1-22:12
MERGED from [com.android.support:support-core-ui:28.0.0] AndroidManifest.xml:17:1-22:12
MERGED from [com.android.support:support-core-utils:28.0.0] AndroidManifest.xml:17:1-22:12
MERGED from [com.android.support:transition:28.0.0] AndroidManifest.xml:17:1-22:12
MERGED from [com.android.support:loader:28.0.0] AndroidManifest.xml:17:1-22:12
MERGED from [com.android.support:viewpager:28.0.0] AndroidManifest.xml:17:1-22:12
MERGED from [com.android.support:coordinatorlayout:28.0.0] AndroidManifest.xml:17:1-22:12
MERGED from [com.android.support:drawerlayout:28.0.0] AndroidManifest.xml:17:1-22:12
MERGED from [com.android.support:slidingpanelayout:28.0.0] AndroidManifest.xml:17:1-22:12
MERGED from [com.android.support:customview:28.0.0] AndroidManifest.xml:17:1-22:12
MERGED from [com.android.support:swiperefreshlayout:28.0.0] AndroidManifest.xml:17:1-22:12
MERGED from [com.android.support:asynclayoutinflater:28.0.0] AndroidManifest.xml:17:1-22:12
MERGED from [com.android.support:support-vector-drawable:28.0.0] AndroidManifest.xml:17:1-22:12
MERGED from [com.android.support:support-compat:28.0.0] AndroidManifest.xml:17:1-24:12
MERGED from [com.android.support:cardview-v7:28.0.0] AndroidManifest.xml:17:1-22:12
MERGED from [com.android.support:versionedparcelable:28.0.0] AndroidManifest.xml:17:1-25:12
MERGED from [android.arch.lifecycle:runtime:1.1.1] AndroidManifest.xml:17:1-22:12
MERGED from [com.android.support:documentfile:28.0.0] AndroidManifest.xml:17:1-22:12
MERGED from [com.android.support:localbroadcastmanager:28.0.0] AndroidManifest.xml:17:1-22:12
MERGED from [com.android.support:print:28.0.0] AndroidManifest.xml:17:1-22:12
MERGED from [com.android.support:interpolator:28.0.0] AndroidManifest.xml:17:1-22:12
MERGED from [com.android.support:cursoradapter:28.0.0] AndroidManifest.xml:17:1-22:12
MERGED from [android.arch.lifecycle:viewmodel:1.1.1] AndroidManifest.xml:17:1-22:12
MERGED from [android.arch.lifecycle:livedata:1.1.1] AndroidManifest.xml:17:1-22:12
MERGED from [android.arch.lifecycle:livedata-core:1.1.1] AndroidManifest.xml:17:1-22:12
MERGED from [android.arch.core:runtime:1.1.1] AndroidManifest.xml:17:1-22:12
INJECTED from src/main/AndroidManifest.xml:1:1-39:12
INJECTED from src/main/AndroidManifest.xml:1:1-39:12
INJECTED from src/main/AndroidManifest.xml:1:1-39:12
	package
		ADDED from src/main/AndroidManifest.xml:2:5-50
		INJECTED from src/main/AndroidManifest.xml
		INJECTED from src/main/AndroidManifest.xml
	android:versionName
		INJECTED from src/main/AndroidManifest.xml
		ADDED from src/main/AndroidManifest.xml:1:1-39:12
		INJECTED from src/main/AndroidManifest.xml
	android:versionCode
		INJECTED from src/main/AndroidManifest.xml
		ADDED from src/main/AndroidManifest.xml:1:1-39:12
		INJECTED from src/main/AndroidManifest.xml
	xmlns:android
		ADDED from src/main/AndroidManifest.xml:1:11-69
uses-permission#android.permission.INTERNET
ADDED from src/main/AndroidManifest.xml:8:5-66
MERGED from [com.instabug.library:instabug-core:8.2.2] AndroidManifest.xml:15:5-67
MERGED from [com.instabug.library:instabug-core:8.2.2] AndroidManifest.xml:15:5-67
	android:name
		ADDED from src/main/AndroidManifest.xml:8:22-64
application
ADDED from src/main/AndroidManifest.xml:15:5-38:19
MERGED from [com.instabug.library:instabug:8.2.2] AndroidManifest.xml:9:5-10:19
MERGED from [com.instabug.library:instabug:8.2.2] AndroidManifest.xml:9:5-10:19
MERGED from [com.instabug.library:instabug-survey:8.2.2] AndroidManifest.xml:11:5-29:19
MERGED from [com.instabug.library:instabug-survey:8.2.2] AndroidManifest.xml:11:5-29:19
MERGED from [com.instabug.library:instabug-crash:8.2.2] AndroidManifest.xml:11:5-15:19
MERGED from [com.instabug.library:instabug-crash:8.2.2] AndroidManifest.xml:11:5-15:19
MERGED from [com.instabug.library:instabug-bug:8.2.2] AndroidManifest.xml:14:5-38:19
MERGED from [com.instabug.library:instabug-bug:8.2.2] AndroidManifest.xml:14:5-38:19
MERGED from [com.instabug.library:instabug-chat:8.2.2] AndroidManifest.xml:11:5-25:19
MERGED from [com.instabug.library:instabug-chat:8.2.2] AndroidManifest.xml:11:5-25:19
MERGED from [com.instabug.library:instabug-features-request:8.2.2] AndroidManifest.xml:11:5-22:19
MERGED from [com.instabug.library:instabug-features-request:8.2.2] AndroidManifest.xml:11:5-22:19
MERGED from [com.instabug.library:instabug-core:8.2.2] AndroidManifest.xml:18:5-40:19
MERGED from [com.instabug.library:instabug-core:8.2.2] AndroidManifest.xml:18:5-40:19
MERGED from [com.android.support:design:28.0.0] AndroidManifest.xml:22:5-20
MERGED from [com.android.support:design:28.0.0] AndroidManifest.xml:22:5-20
MERGED from [com.android.support:support-compat:28.0.0] AndroidManifest.xml:22:5-94
MERGED from [com.android.support:support-compat:28.0.0] AndroidManifest.xml:22:5-94
MERGED from [com.android.support:versionedparcelable:28.0.0] AndroidManifest.xml:22:5-23:19
MERGED from [com.android.support:versionedparcelable:28.0.0] AndroidManifest.xml:22:5-23:19
	android:appComponentFactory
		ADDED from [com.android.support:support-compat:28.0.0] AndroidManifest.xml:22:18-91
	android:label
		ADDED from src/main/AndroidManifest.xml:17:9-49
	android:icon
		ADDED from src/main/AndroidManifest.xml:18:9-43
	android:name
		ADDED from src/main/AndroidManifest.xml:16:9-49
activity#com.instabug.instabugflutterexample.MainActivity
ADDED from src/main/AndroidManifest.xml:19:9-37:20
	android:launchMode
		ADDED from src/main/AndroidManifest.xml:21:13-43
	android:hardwareAccelerated
		ADDED from src/main/AndroidManifest.xml:24:13-47
	android:windowSoftInputMode
		ADDED from src/main/AndroidManifest.xml:25:13-55
	android:configChanges
		ADDED from src/main/AndroidManifest.xml:23:13-137
	android:theme
		ADDED from src/main/AndroidManifest.xml:22:13-47
	android:name
		ADDED from src/main/AndroidManifest.xml:20:13-41
meta-data#io.flutter.app.android.SplashScreenUntilFirstFrame
ADDED from src/main/AndroidManifest.xml:30:13-32:40
	android:value
		ADDED from src/main/AndroidManifest.xml:32:17-37
	android:name
		ADDED from src/main/AndroidManifest.xml:31:17-82
intent-filter#action:name:android.intent.action.MAIN+category:name:android.intent.category.LAUNCHER
ADDED from src/main/AndroidManifest.xml:33:13-36:29
action#android.intent.action.MAIN
ADDED from src/main/AndroidManifest.xml:34:17-68
	android:name
		ADDED from src/main/AndroidManifest.xml:34:25-66
category#android.intent.category.LAUNCHER
ADDED from src/main/AndroidManifest.xml:35:17-76
	android:name
		ADDED from src/main/AndroidManifest.xml:35:27-74
uses-sdk
INJECTED from src/main/AndroidManifest.xml reason: use-sdk injection requested
INJECTED from src/main/AndroidManifest.xml
INJECTED from src/main/AndroidManifest.xml
MERGED from [:instabug_flutter] AndroidManifest.xml:5:5-44
MERGED from [:instabug_flutter] AndroidManifest.xml:5:5-44
MERGED from [com.instabug.library:instabug:8.2.2] AndroidManifest.xml:5:5-7:41
MERGED from [com.instabug.library:instabug:8.2.2] AndroidManifest.xml:5:5-7:41
MERGED from [com.instabug.library:instabug-survey:8.2.2] AndroidManifest.xml:7:5-9:41
MERGED from [com.instabug.library:instabug-survey:8.2.2] AndroidManifest.xml:7:5-9:41
MERGED from [com.instabug.library:instabug-crash:8.2.2] AndroidManifest.xml:7:5-9:41
MERGED from [com.instabug.library:instabug-crash:8.2.2] AndroidManifest.xml:7:5-9:41
MERGED from [com.instabug.library:instabug-bug:8.2.2] AndroidManifest.xml:7:5-9:41
MERGED from [com.instabug.library:instabug-bug:8.2.2] AndroidManifest.xml:7:5-9:41
MERGED from [com.instabug.library:instabug-chat:8.2.2] AndroidManifest.xml:7:5-9:41
MERGED from [com.instabug.library:instabug-chat:8.2.2] AndroidManifest.xml:7:5-9:41
MERGED from [com.instabug.library:instabug-features-request:8.2.2] AndroidManifest.xml:7:5-9:41
MERGED from [com.instabug.library:instabug-features-request:8.2.2] AndroidManifest.xml:7:5-9:41
MERGED from [com.instabug.library:instabug-core:8.2.2] AndroidManifest.xml:5:5-7:41
MERGED from [com.instabug.library:instabug-core:8.2.2] AndroidManifest.xml:5:5-7:41
MERGED from [io.reactivex.rxjava2:rxandroid:2.0.2] AndroidManifest.xml:19:5-43
MERGED from [io.reactivex.rxjava2:rxandroid:2.0.2] AndroidManifest.xml:19:5-43
MERGED from [com.android.support:support-v4:28.0.0] AndroidManifest.xml:20:5-44
MERGED from [com.android.support:support-v4:28.0.0] AndroidManifest.xml:20:5-44
MERGED from [com.android.support:design:28.0.0] AndroidManifest.xml:20:5-44
MERGED from [com.android.support:design:28.0.0] AndroidManifest.xml:20:5-44
MERGED from [com.android.support:support-media-compat:28.0.0] AndroidManifest.xml:20:5-44
MERGED from [com.android.support:support-media-compat:28.0.0] AndroidManifest.xml:20:5-44
MERGED from [com.android.support:appcompat-v7:28.0.0] AndroidManifest.xml:20:5-44
MERGED from [com.android.support:appcompat-v7:28.0.0] AndroidManifest.xml:20:5-44
MERGED from [com.android.support:support-fragment:28.0.0] AndroidManifest.xml:20:5-44
MERGED from [com.android.support:support-fragment:28.0.0] AndroidManifest.xml:20:5-44
MERGED from [com.android.support:recyclerview-v7:28.0.0] AndroidManifest.xml:20:5-44
MERGED from [com.android.support:recyclerview-v7:28.0.0] AndroidManifest.xml:20:5-44
MERGED from [com.android.support:animated-vector-drawable:28.0.0] AndroidManifest.xml:20:5-44
MERGED from [com.android.support:animated-vector-drawable:28.0.0] AndroidManifest.xml:20:5-44
MERGED from [com.android.support:support-core-ui:28.0.0] AndroidManifest.xml:20:5-44
MERGED from [com.android.support:support-core-ui:28.0.0] AndroidManifest.xml:20:5-44
MERGED from [com.android.support:support-core-utils:28.0.0] AndroidManifest.xml:20:5-44
MERGED from [com.android.support:support-core-utils:28.0.0] AndroidManifest.xml:20:5-44
MERGED from [com.android.support:transition:28.0.0] AndroidManifest.xml:20:5-44
MERGED from [com.android.support:transition:28.0.0] AndroidManifest.xml:20:5-44
MERGED from [com.android.support:loader:28.0.0] AndroidManifest.xml:20:5-44
MERGED from [com.android.support:loader:28.0.0] AndroidManifest.xml:20:5-44
MERGED from [com.android.support:viewpager:28.0.0] AndroidManifest.xml:20:5-44
MERGED from [com.android.support:viewpager:28.0.0] AndroidManifest.xml:20:5-44
MERGED from [com.android.support:coordinatorlayout:28.0.0] AndroidManifest.xml:20:5-44
MERGED from [com.android.support:coordinatorlayout:28.0.0] AndroidManifest.xml:20:5-44
MERGED from [com.android.support:drawerlayout:28.0.0] AndroidManifest.xml:20:5-44
MERGED from [com.android.support:drawerlayout:28.0.0] AndroidManifest.xml:20:5-44
MERGED from [com.android.support:slidingpanelayout:28.0.0] AndroidManifest.xml:20:5-44
MERGED from [com.android.support:slidingpanelayout:28.0.0] AndroidManifest.xml:20:5-44
MERGED from [com.android.support:customview:28.0.0] AndroidManifest.xml:20:5-44
MERGED from [com.android.support:customview:28.0.0] AndroidManifest.xml:20:5-44
MERGED from [com.android.support:swiperefreshlayout:28.0.0] AndroidManifest.xml:20:5-44
MERGED from [com.android.support:swiperefreshlayout:28.0.0] AndroidManifest.xml:20:5-44
MERGED from [com.android.support:asynclayoutinflater:28.0.0] AndroidManifest.xml:20:5-44
MERGED from [com.android.support:asynclayoutinflater:28.0.0] AndroidManifest.xml:20:5-44
MERGED from [com.android.support:support-vector-drawable:28.0.0] AndroidManifest.xml:20:5-44
MERGED from [com.android.support:support-vector-drawable:28.0.0] AndroidManifest.xml:20:5-44
MERGED from [com.android.support:support-compat:28.0.0] AndroidManifest.xml:20:5-44
MERGED from [com.android.support:support-compat:28.0.0] AndroidManifest.xml:20:5-44
MERGED from [com.android.support:cardview-v7:28.0.0] AndroidManifest.xml:20:5-44
MERGED from [com.android.support:cardview-v7:28.0.0] AndroidManifest.xml:20:5-44
MERGED from [com.android.support:versionedparcelable:28.0.0] AndroidManifest.xml:20:5-44
MERGED from [com.android.support:versionedparcelable:28.0.0] AndroidManifest.xml:20:5-44
MERGED from [android.arch.lifecycle:runtime:1.1.1] AndroidManifest.xml:20:5-44
MERGED from [android.arch.lifecycle:runtime:1.1.1] AndroidManifest.xml:20:5-44
MERGED from [com.android.support:documentfile:28.0.0] AndroidManifest.xml:20:5-44
MERGED from [com.android.support:documentfile:28.0.0] AndroidManifest.xml:20:5-44
MERGED from [com.android.support:localbroadcastmanager:28.0.0] AndroidManifest.xml:20:5-44
MERGED from [com.android.support:localbroadcastmanager:28.0.0] AndroidManifest.xml:20:5-44
MERGED from [com.android.support:print:28.0.0] AndroidManifest.xml:20:5-44
MERGED from [com.android.support:print:28.0.0] AndroidManifest.xml:20:5-44
MERGED from [com.android.support:interpolator:28.0.0] AndroidManifest.xml:20:5-44
MERGED from [com.android.support:interpolator:28.0.0] AndroidManifest.xml:20:5-44
MERGED from [com.android.support:cursoradapter:28.0.0] AndroidManifest.xml:20:5-44
MERGED from [com.android.support:cursoradapter:28.0.0] AndroidManifest.xml:20:5-44
MERGED from [android.arch.lifecycle:viewmodel:1.1.1] AndroidManifest.xml:20:5-44
MERGED from [android.arch.lifecycle:viewmodel:1.1.1] AndroidManifest.xml:20:5-44
MERGED from [android.arch.lifecycle:livedata:1.1.1] AndroidManifest.xml:20:5-44
MERGED from [android.arch.lifecycle:livedata:1.1.1] AndroidManifest.xml:20:5-44
MERGED from [android.arch.lifecycle:livedata-core:1.1.1] AndroidManifest.xml:20:5-44
MERGED from [android.arch.lifecycle:livedata-core:1.1.1] AndroidManifest.xml:20:5-44
MERGED from [android.arch.core:runtime:1.1.1] AndroidManifest.xml:20:5-44
MERGED from [android.arch.core:runtime:1.1.1] AndroidManifest.xml:20:5-44
INJECTED from src/main/AndroidManifest.xml
INJECTED from src/main/AndroidManifest.xml
	android:targetSdkVersion
		INJECTED from src/main/AndroidManifest.xml
		ADDED from src/main/AndroidManifest.xml
		INJECTED from src/main/AndroidManifest.xml
	android:minSdkVersion
		INJECTED from src/main/AndroidManifest.xml
		ADDED from src/main/AndroidManifest.xml
		INJECTED from src/main/AndroidManifest.xml
activity#com.instabug.survey.ui.SurveyActivity
ADDED from [com.instabug.library:instabug-survey:8.2.2] AndroidManifest.xml:12:9-16:58
	android:launchMode
		ADDED from [com.instabug.library:instabug-survey:8.2.2] AndroidManifest.xml:14:13-43
	android:windowSoftInputMode
		ADDED from [com.instabug.library:instabug-survey:8.2.2] AndroidManifest.xml:16:13-55
	android:theme
		ADDED from [com.instabug.library:instabug-survey:8.2.2] AndroidManifest.xml:15:13-63
	android:name
		ADDED from [com.instabug.library:instabug-survey:8.2.2] AndroidManifest.xml:13:13-65
activity#com.instabug.survey.announcements.ui.activity.AnnouncementActivity
ADDED from [com.instabug.library:instabug-survey:8.2.2] AndroidManifest.xml:17:9-21:58
	android:launchMode
		ADDED from [com.instabug.library:instabug-survey:8.2.2] AndroidManifest.xml:19:13-43
	android:windowSoftInputMode
		ADDED from [com.instabug.library:instabug-survey:8.2.2] AndroidManifest.xml:21:13-55
	android:theme
		ADDED from [com.instabug.library:instabug-survey:8.2.2] AndroidManifest.xml:20:13-63
	android:name
		ADDED from [com.instabug.library:instabug-survey:8.2.2] AndroidManifest.xml:18:13-94
service#com.instabug.survey.network.service.InstabugSurveysSubmitterService
ADDED from [com.instabug.library:instabug-survey:8.2.2] AndroidManifest.xml:23:9-25:72
	android:permission
		ADDED from [com.instabug.library:instabug-survey:8.2.2] AndroidManifest.xml:25:13-69
	android:name
		ADDED from [com.instabug.library:instabug-survey:8.2.2] AndroidManifest.xml:24:13-95
service#com.instabug.survey.announcements.network.InstabugAnnouncementSubmitterService
ADDED from [com.instabug.library:instabug-survey:8.2.2] AndroidManifest.xml:26:9-28:72
	android:permission
		ADDED from [com.instabug.library:instabug-survey:8.2.2] AndroidManifest.xml:28:13-69
	android:name
		ADDED from [com.instabug.library:instabug-survey:8.2.2] AndroidManifest.xml:27:13-106
service#com.instabug.crash.network.InstabugCrashesUploaderService
ADDED from [com.instabug.library:instabug-crash:8.2.2] AndroidManifest.xml:12:9-14:72
	android:permission
		ADDED from [com.instabug.library:instabug-crash:8.2.2] AndroidManifest.xml:14:13-69
	android:name
		ADDED from [com.instabug.library:instabug-crash:8.2.2] AndroidManifest.xml:13:13-85
uses-permission#android.permission.WRITE_EXTERNAL_STORAGE
ADDED from [com.instabug.library:instabug-bug:8.2.2] AndroidManifest.xml:11:5-81
MERGED from [com.instabug.library:instabug-core:8.2.2] AndroidManifest.xml:10:5-81
MERGED from [com.instabug.library:instabug-core:8.2.2] AndroidManifest.xml:10:5-81
	android:name
		ADDED from [com.instabug.library:instabug-bug:8.2.2] AndroidManifest.xml:11:22-78
uses-permission#android.permission.READ_EXTERNAL_STORAGE
ADDED from [com.instabug.library:instabug-bug:8.2.2] AndroidManifest.xml:12:5-80
MERGED from [com.instabug.library:instabug-core:8.2.2] AndroidManifest.xml:11:5-80
MERGED from [com.instabug.library:instabug-core:8.2.2] AndroidManifest.xml:11:5-80
	android:name
		ADDED from [com.instabug.library:instabug-bug:8.2.2] AndroidManifest.xml:12:22-77
activity#com.instabug.bug.view.BugReportingActivity
ADDED from [com.instabug.library:instabug-bug:8.2.2] AndroidManifest.xml:15:9-30:20
	android:launchMode
		ADDED from [com.instabug.library:instabug-bug:8.2.2] AndroidManifest.xml:18:13-44
	android:windowSoftInputMode
		ADDED from [com.instabug.library:instabug-bug:8.2.2] AndroidManifest.xml:20:13-55
	android:configChanges
		ADDED from [com.instabug.library:instabug-bug:8.2.2] AndroidManifest.xml:17:13-74
	android:theme
		ADDED from [com.instabug.library:instabug-bug:8.2.2] AndroidManifest.xml:19:13-52
	android:name
		ADDED from [com.instabug.library:instabug-bug:8.2.2] AndroidManifest.xml:16:13-70
intent-filter#action:name:android.intent.action.VIEW+category:name:android.intent.category.DEFAULT+data:host:instabug-disclaimer.com+data:scheme:instabug-bug
ADDED from [com.instabug.library:instabug-bug:8.2.2] AndroidManifest.xml:21:13-29:29
data
ADDED from [com.instabug.library:instabug-bug:8.2.2] AndroidManifest.xml:22:17-24:53
	android:host
		ADDED from [com.instabug.library:instabug-bug:8.2.2] AndroidManifest.xml:23:21-59
	android:scheme
		ADDED from [com.instabug.library:instabug-bug:8.2.2] AndroidManifest.xml:24:21-50
category#android.intent.category.DEFAULT
ADDED from [com.instabug.library:instabug-bug:8.2.2] AndroidManifest.xml:26:17-76
	android:name
		ADDED from [com.instabug.library:instabug-bug:8.2.2] AndroidManifest.xml:26:27-73
action#android.intent.action.VIEW
ADDED from [com.instabug.library:instabug-bug:8.2.2] AndroidManifest.xml:28:17-69
	android:name
		ADDED from [com.instabug.library:instabug-bug:8.2.2] AndroidManifest.xml:28:25-66
service#com.instabug.bug.network.InstabugBugsUploaderService
ADDED from [com.instabug.library:instabug-bug:8.2.2] AndroidManifest.xml:32:9-34:72
	android:permission
		ADDED from [com.instabug.library:instabug-bug:8.2.2] AndroidManifest.xml:34:13-69
	android:name
		ADDED from [com.instabug.library:instabug-bug:8.2.2] AndroidManifest.xml:33:13-80
service#com.instabug.bug.view.actionList.service.ReportCategoriesService
ADDED from [com.instabug.library:instabug-bug:8.2.2] AndroidManifest.xml:35:9-37:72
	android:permission
		ADDED from [com.instabug.library:instabug-bug:8.2.2] AndroidManifest.xml:37:13-69
	android:name
		ADDED from [com.instabug.library:instabug-bug:8.2.2] AndroidManifest.xml:36:13-92
activity#com.instabug.chat.ui.ChatActivity
ADDED from [com.instabug.library:instabug-chat:8.2.2] AndroidManifest.xml:12:9-17:58
	android:launchMode
		ADDED from [com.instabug.library:instabug-chat:8.2.2] AndroidManifest.xml:15:13-43
	android:windowSoftInputMode
		ADDED from [com.instabug.library:instabug-chat:8.2.2] AndroidManifest.xml:17:13-55
	android:configChanges
		ADDED from [com.instabug.library:instabug-chat:8.2.2] AndroidManifest.xml:14:13-59
	android:theme
		ADDED from [com.instabug.library:instabug-chat:8.2.2] AndroidManifest.xml:16:13-52
	android:name
		ADDED from [com.instabug.library:instabug-chat:8.2.2] AndroidManifest.xml:13:13-61
service#com.instabug.chat.network.InstabugMessageUploaderService
ADDED from [com.instabug.library:instabug-chat:8.2.2] AndroidManifest.xml:19:9-21:72
	android:permission
		ADDED from [com.instabug.library:instabug-chat:8.2.2] AndroidManifest.xml:21:13-69
	android:name
		ADDED from [com.instabug.library:instabug-chat:8.2.2] AndroidManifest.xml:20:13-84
service#com.instabug.chat.network.InstabugPushNotificationTokenService
ADDED from [com.instabug.library:instabug-chat:8.2.2] AndroidManifest.xml:22:9-24:72
	android:permission
		ADDED from [com.instabug.library:instabug-chat:8.2.2] AndroidManifest.xml:24:13-69
	android:name
		ADDED from [com.instabug.library:instabug-chat:8.2.2] AndroidManifest.xml:23:13-90
activity#com.instabug.featuresrequest.ui.FeaturesRequestActivity
ADDED from [com.instabug.library:instabug-features-request:8.2.2] AndroidManifest.xml:12:9-17:58
	android:launchMode
		ADDED from [com.instabug.library:instabug-features-request:8.2.2] AndroidManifest.xml:15:13-43
	android:windowSoftInputMode
		ADDED from [com.instabug.library:instabug-features-request:8.2.2] AndroidManifest.xml:17:13-55
	android:configChanges
		ADDED from [com.instabug.library:instabug-features-request:8.2.2] AndroidManifest.xml:14:13-59
	android:theme
		ADDED from [com.instabug.library:instabug-features-request:8.2.2] AndroidManifest.xml:16:13-51
	android:name
		ADDED from [com.instabug.library:instabug-features-request:8.2.2] AndroidManifest.xml:13:13-83
service#com.instabug.featuresrequest.network.service.FeaturesRequestVoteService
ADDED from [com.instabug.library:instabug-features-request:8.2.2] AndroidManifest.xml:19:9-21:72
	android:permission
		ADDED from [com.instabug.library:instabug-features-request:8.2.2] AndroidManifest.xml:21:13-69
	android:name
		ADDED from [com.instabug.library:instabug-features-request:8.2.2] AndroidManifest.xml:20:13-99
uses-permission#android.permission.ACCESS_NETWORK_STATE
ADDED from [com.instabug.library:instabug-core:8.2.2] AndroidManifest.xml:9:5-79
	android:name
		ADDED from [com.instabug.library:instabug-core:8.2.2] AndroidManifest.xml:9:22-76
uses-permission#android.permission.ACCESS_WIFI_STATE
ADDED from [com.instabug.library:instabug-core:8.2.2] AndroidManifest.xml:12:5-76
	android:name
		ADDED from [com.instabug.library:instabug-core:8.2.2] AndroidManifest.xml:12:22-73
uses-permission#android.permission.RECORD_AUDIO
ADDED from [com.instabug.library:instabug-core:8.2.2] AndroidManifest.xml:13:5-71
	android:name
		ADDED from [com.instabug.library:instabug-core:8.2.2] AndroidManifest.xml:13:22-68
uses-permission#android.permission.MODIFY_AUDIO_SETTINGS
ADDED from [com.instabug.library:instabug-core:8.2.2] AndroidManifest.xml:14:5-80
	android:name
		ADDED from [com.instabug.library:instabug-core:8.2.2] AndroidManifest.xml:14:22-77
uses-permission#android.permission.WAKE_LOCK
ADDED from [com.instabug.library:instabug-core:8.2.2] AndroidManifest.xml:16:5-68
	android:name
		ADDED from [com.instabug.library:instabug-core:8.2.2] AndroidManifest.xml:16:22-65
service#com.instabug.library.network.worker.uploader.InstabugSessionUploaderService
ADDED from [com.instabug.library:instabug-core:8.2.2] AndroidManifest.xml:19:9-21:72
	android:permission
		ADDED from [com.instabug.library:instabug-core:8.2.2] AndroidManifest.xml:21:13-69
	android:name
		ADDED from [com.instabug.library:instabug-core:8.2.2] AndroidManifest.xml:20:13-103
service#com.instabug.library.analytics.network.InstabugAnalyticsUploaderService
ADDED from [com.instabug.library:instabug-core:8.2.2] AndroidManifest.xml:22:9-24:72
	android:permission
		ADDED from [com.instabug.library:instabug-core:8.2.2] AndroidManifest.xml:24:13-69
	android:name
		ADDED from [com.instabug.library:instabug-core:8.2.2] AndroidManifest.xml:23:13-99
activity#com.instabug.library.internal.video.RequestPermissionActivity
ADDED from [com.instabug.library:instabug-core:8.2.2] AndroidManifest.xml:26:9-29:75
	android:configChanges
		ADDED from [com.instabug.library:instabug-core:8.2.2] AndroidManifest.xml:28:13-59
	android:theme
		ADDED from [com.instabug.library:instabug-core:8.2.2] AndroidManifest.xml:29:13-72
	android:name
		ADDED from [com.instabug.library:instabug-core:8.2.2] AndroidManifest.xml:27:13-89
activity#com.instabug.library.invocation.invocationdialog.InstabugDialogActivity
ADDED from [com.instabug.library:instabug-core:8.2.2] AndroidManifest.xml:30:9-33:66
	android:launchMode
		ADDED from [com.instabug.library:instabug-core:8.2.2] AndroidManifest.xml:32:13-44
	android:theme
		ADDED from [com.instabug.library:instabug-core:8.2.2] AndroidManifest.xml:33:13-63
	android:name
		ADDED from [com.instabug.library:instabug-core:8.2.2] AndroidManifest.xml:31:13-99
activity#com.instabug.library.ui.onboarding.OnboardingActivity
ADDED from [com.instabug.library:instabug-core:8.2.2] AndroidManifest.xml:34:9-37:66
	android:launchMode
		ADDED from [com.instabug.library:instabug-core:8.2.2] AndroidManifest.xml:36:13-44
	android:theme
		ADDED from [com.instabug.library:instabug-core:8.2.2] AndroidManifest.xml:37:13-63
	android:name
		ADDED from [com.instabug.library:instabug-core:8.2.2] AndroidManifest.xml:35:13-81
service#com.instabug.library.internal.video.ScreenRecordingService
ADDED from [com.instabug.library:instabug-core:8.2.2] AndroidManifest.xml:39:9-94
	android:name
		ADDED from [com.instabug.library:instabug-core:8.2.2] AndroidManifest.xml:39:18-91